#
# There is insufficient memory for the Java Runtime Environment to continue.
# Native memory allocation (malloc) failed to allocate 1048576 bytes for AllocateHeap
# Possible reasons:
#   The system is out of physical RAM or swap space
#   The process is running with CompressedOops enabled, and the Java Heap may be blocking the growth of the native heap
# Possible solutions:
#   Reduce memory load on the system
#   Increase physical memory or swap space
#   Check if swap backing store is full
#   Decrease Java heap size (-Xmx/-Xms)
#   Decrease number of Java threads
#   Decrease Java thread stack sizes (-Xss)
#   Set larger code cache with -XX:ReservedCodeCacheSize=
#   JVM is running with Unscaled Compressed Oops mode in which the Java heap is
#     placed in the first 4GB address space. The Java Heap base address is the
#     maximum limit for the native heap growth. Please use -XX:HeapBaseMinAddress
#     to set the Java Heap base and to place the Java Heap above 4GB virtual address.
# This output file may be truncated or incomplete.
#
#  Out of Memory Error (memory/allocation.inline.hpp:61), pid=3748, tid=0x0000000000003b24
#
# JRE version:  (8.0_281-b09) (build )
# Java VM: Java HotSpot(TM) 64-Bit Server VM (25.281-b09 mixed mode windows-amd64 compressed oops)
# Failed to write core dump. Minidumps are not enabled by default on client versions of Windows
#

---------------  T H R E A D  ---------------

Current thread (0x00000125393e3800):  JavaThread "Unknown thread" [_thread_in_vm, id=15140, stack(0x0000001420f00000,0x0000001421000000)]

Stack: [0x0000001420f00000,0x0000001421000000]
Native frames: (J=compiled Java code, j=interpreted, Vv=VM code, C=native code)
V  [jvm.dll+0x32e5b9]
V  [jvm.dll+0x275012]
V  [jvm.dll+0x275cbd]
V  [jvm.dll+0x26c6f5]
V  [jvm.dll+0x509d]
V  [jvm.dll+0x3d2b23]
V  [jvm.dll+0x3d3538]
V  [jvm.dll+0xfcaaf]
V  [jvm.dll+0x209a1b]
V  [jvm.dll+0x2383d7]
V  [jvm.dll+0x162566]
C  [javaw.exe+0x2322]
C  [javaw.exe+0x16544]
C  [KERNEL32.DLL+0x17974]
C  [ntdll.dll+0x5a0b1]


---------------  P R O C E S S  ---------------

Java Threads: ( => current thread )

Other Threads:

=>0x00000125393e3800 (exited) JavaThread "Unknown thread" [_thread_in_vm, id=15140, stack(0x0000001420f00000,0x0000001421000000)]

VM state:not at safepoint (normal execution)

VM Mutex/Monitor currently owned by a thread: None

heap address: 0x0000000081a00000, size: 2022 MB, Compressed Oops mode: 32-bit
Narrow klass base: 0x0000000000000000, Narrow klass shift: 3
Compressed class space size: 1073741824 Address: 0x0000000100000000

Heap:
 PSYoungGen      total 38400K, used 665K [0x00000000d5e00000, 0x00000000d8880000, 0x0000000100000000)
  eden space 33280K, 2% used [0x00000000d5e00000,0x00000000d5ea6670,0x00000000d7e80000)
  from space 5120K, 0% used [0x00000000d8380000,0x00000000d8380000,0x00000000d8880000)
  to   space 5120K, 0% used [0x00000000d7e80000,0x00000000d7e80000,0x00000000d8380000)
 ParOldGen       total 87552K, used 0K [0x0000000081a00000, 0x0000000086f80000, 0x00000000d5e00000)
  object space 87552K, 0% used [0x0000000081a00000,0x0000000081a00000,0x0000000086f80000)
 Metaspace       used 753K, capacity 4480K, committed 4480K, reserved 1056768K
  class space    used 76K, capacity 384K, committed 384K, reserved 1048576K

Card table byte_map: [0x000001254a180000,0x000001254a580000] byte_map_base: 0x0000012549d73000

Marking Bits: (ParMarkBitMap*) 0x000000006a686ff0
 Begin Bits: [0x000001254a830000, 0x000001254c7c8000)
 End Bits:   [0x000001254c7c8000, 0x000001254e760000)

Polling page: 0x0000012539510000

CodeCache: size=245760Kb used=328Kb max_used=328Kb free=245431Kb
 bounds [0x000001253adc0000, 0x000001253b030000, 0x0000012549dc0000]
 total_blobs=58 nmethods=0 adapters=38
 compilation: enabled

Compilation events (0 events):
No events

GC Heap History (0 events):
No events

Deoptimization events (0 events):
No events

Classes redefined (0 events):
No events

Internal exceptions (0 events):
No events

Events (10 events):
Event: 0.047 loading class java/lang/Short
Event: 0.047 loading class java/lang/Short done
Event: 0.047 loading class java/lang/Integer
Event: 0.047 loading class java/lang/Integer done
Event: 0.047 loading class java/lang/Long
Event: 0.047 loading class java/lang/Long done
Event: 0.048 loading class java/lang/NullPointerException
Event: 0.048 loading class java/lang/NullPointerException done
Event: 0.048 loading class java/lang/ArithmeticException
Event: 0.048 loading class java/lang/ArithmeticException done


Dynamic libraries:
0x00007ff7d0a10000 - 0x00007ff7d0a57000 	C:\Program Files\Java\jre1.8.0_281\bin\javaw.exe
0x00007fff03850000 - 0x00007fff03a3d000 	C:\WINDOWS\SYSTEM32\ntdll.dll
0x00007fff00c70000 - 0x00007fff00d23000 	C:\WINDOWS\System32\KERNEL32.DLL
0x00007ffeff950000 - 0x00007ffeffbe5000 	C:\WINDOWS\System32\KERNELBASE.dll
0x00007fff00d30000 - 0x00007fff00dd3000 	C:\WINDOWS\System32\ADVAPI32.dll
0x00007fff00ff0000 - 0x00007fff0108e000 	C:\WINDOWS\System32\msvcrt.dll
0x00007fff03780000 - 0x00007fff0381f000 	C:\WINDOWS\System32\sechost.dll
0x00007fff00ed0000 - 0x00007fff00ff0000 	C:\WINDOWS\System32\RPCRT4.dll
0x00007fff02820000 - 0x00007fff029b7000 	C:\WINDOWS\System32\USER32.dll
0x00007fff00a60000 - 0x00007fff00a80000 	C:\WINDOWS\System32\win32u.dll
0x00007fff02c70000 - 0x00007fff02c99000 	C:\WINDOWS\System32\GDI32.dll
0x00007ffeffcf0000 - 0x00007ffeffe8c000 	C:\WINDOWS\System32\gdi32full.dll
0x00007fff000d0000 - 0x00007fff00170000 	C:\WINDOWS\System32\msvcp_win.dll
0x00007fff008c0000 - 0x00007fff009ba000 	C:\WINDOWS\System32\ucrtbase.dll
0x00007ffef2190000 - 0x00007ffef2409000 	C:\WINDOWS\WinSxS\amd64_microsoft.windows.common-controls_6595b64144ccf1df_6.0.17763.1697_none_de7644c45346d6cf\COMCTL32.dll
0x00007fff02eb0000 - 0x00007fff031de000 	C:\WINDOWS\System32\combase.dll
0x00007fff009c0000 - 0x00007fff00a3f000 	C:\WINDOWS\System32\bcryptPrimitives.dll
0x00007fff02ae0000 - 0x00007fff02b0e000 	C:\WINDOWS\System32\IMM32.DLL
0x00007ffef33c0000 - 0x00007ffef33d5000 	C:\Program Files\Java\jre1.8.0_281\bin\vcruntime140.dll
0x00007ffed2fe0000 - 0x00007ffed307b000 	C:\Program Files\Java\jre1.8.0_281\bin\msvcp140.dll
0x0000000069ea0000 - 0x000000006a6ff000 	C:\Program Files\Java\jre1.8.0_281\bin\server\jvm.dll
0x00007fff00de0000 - 0x00007fff00de8000 	C:\WINDOWS\System32\PSAPI.DLL
0x00007ffefc700000 - 0x00007ffefc709000 	C:\WINDOWS\SYSTEM32\WSOCK32.dll
0x00007fff02c00000 - 0x00007fff02c6d000 	C:\WINDOWS\System32\WS2_32.dll
0x00007ffefc610000 - 0x00007ffefc634000 	C:\WINDOWS\SYSTEM32\WINMM.dll
0x00007ffef0ba0000 - 0x00007ffef0baa000 	C:\WINDOWS\SYSTEM32\VERSION.dll
0x00007ffefc5e0000 - 0x00007ffefc60d000 	C:\WINDOWS\SYSTEM32\WINMMBASE.dll
0x00007ffeffbf0000 - 0x00007ffeffc3a000 	C:\WINDOWS\System32\cfgmgr32.dll
0x00007ffeff850000 - 0x00007ffeff861000 	C:\WINDOWS\System32\kernel.appcore.dll
0x00007ffefc6f0000 - 0x00007ffefc700000 	C:\Program Files\Java\jre1.8.0_281\bin\verify.dll
0x00007ffef3590000 - 0x00007ffef35bb000 	C:\Program Files\Java\jre1.8.0_281\bin\java.dll
0x00007ffef4830000 - 0x00007ffef4848000 	C:\Program Files\Java\jre1.8.0_281\bin\zip.dll
0x00007ffeef1b0000 - 0x00007ffeef39d000 	C:\WINDOWS\SYSTEM32\dbghelp.dll

VM Arguments:
jvm_args: -Dfile.encoding=UTF-8 
java_command: 그래픽2.카운트다운
java_class_path (initial): C:\swo\java_project\java28\bin
Launcher Type: SUN_STANDARD

Environment Variables:
JAVA_HOME=C:\Program Files\Java\jdk-15.0.2
PATH=C:/Program Files/Java/jre1.8.0_281/bin/server;C:/Program Files/Java/jre1.8.0_281/bin;C:/Program Files/Java/jre1.8.0_281/lib/amd64;C:\Program Files (x86)\Common Files\Oracle\Java\javapath;C:\Program Files\Common Files\Oracle\Java\javapath;C:\WINDOWS\system32;C:\WINDOWS;C:\WINDOWS\System32\Wbem;C:\WINDOWS\System32\WindowsPowerShell\v1.0\;C:\WINDOWS\System32\OpenSSH\;C:\Program Files (x86)\AOMEI Backupper;C:\Program Files\Java\jdk-15.0.2\bin\;C:\Users\com\AppData\Local\Programs\Python\Python37\Scripts\;C:\Users\com\AppData\Local\Programs\Python\Python37\;C:\Users\com\AppData\Local\Microsoft\WindowsApps;;C:\swo\python_project\PyCharm Community Edition 2020.3.3\bin;;C:\Users\com\Downloads\eclipse;
USERNAME=com
OS=Windows_NT
PROCESSOR_IDENTIFIER=Intel64 Family 6 Model 60 Stepping 3, GenuineIntel



---------------  S Y S T E M  ---------------

OS: Windows 10.0 , 64 bit Build 17763 (10.0.17763.475)

CPU:total 4 (initial active 4) (4 cores per cpu, 1 threads per core) family 6 model 60 stepping 3, cmov, cx8, fxsr, mmx, sse, sse2, sse3, ssse3, sse4.1, sse4.2, popcnt, avx, avx2, aes, clmul, erms, lzcnt, tsc, tscinvbit, bmi1, bmi2

Memory: 4k page, physical 8278424k(2764608k free), swap 23837204k(3432k free)

vm_info: Java HotSpot(TM) 64-Bit Server VM (25.281-b09) for windows-amd64 JRE (1.8.0_281-b09), built on Dec  9 2020 13:54:07 by "" with MS VC++ 15.9 (VS2017)

time: Mon Mar  8 17:55:14 2021
timezone: ´eCN¹I±¹ C￥AØ½A
elapsed time: 0.072141 seconds (0d 0h 0m 0s)

