#
# There is insufficient memory for the Java Runtime Environment to continue.
# Native memory allocation (malloc) failed to allocate 1048576 bytes for AllocateHeap
# Possible reasons:
#   The system is out of physical RAM or swap space
#   The process is running with CompressedOops enabled, and the Java Heap may be blocking the growth of the native heap
# Possible solutions:
#   Reduce memory load on the system
#   Increase physical memory or swap space
#   Check if swap backing store is full
#   Decrease Java heap size (-Xmx/-Xms)
#   Decrease number of Java threads
#   Decrease Java thread stack sizes (-Xss)
#   Set larger code cache with -XX:ReservedCodeCacheSize=
#   JVM is running with Unscaled Compressed Oops mode in which the Java heap is
#     placed in the first 4GB address space. The Java Heap base address is the
#     maximum limit for the native heap growth. Please use -XX:HeapBaseMinAddress
#     to set the Java Heap base and to place the Java Heap above 4GB virtual address.
# This output file may be truncated or incomplete.
#
#  Out of Memory Error (memory/allocation.inline.hpp:61), pid=4640, tid=0x0000000000005a0c
#
# JRE version:  (8.0_281-b09) (build )
# Java VM: Java HotSpot(TM) 64-Bit Server VM (25.281-b09 mixed mode windows-amd64 compressed oops)
# Failed to write core dump. Minidumps are not enabled by default on client versions of Windows
#

---------------  T H R E A D  ---------------

Current thread (0x0000022120f13800):  JavaThread "Unknown thread" [_thread_in_vm, id=23052, stack(0x00000076d8900000,0x00000076d8a00000)]

Stack: [0x00000076d8900000,0x00000076d8a00000]
Native frames: (J=compiled Java code, j=interpreted, Vv=VM code, C=native code)
V  [jvm.dll+0x32e5b9]
V  [jvm.dll+0x275012]
V  [jvm.dll+0x275cbd]
V  [jvm.dll+0x26c6f5]
V  [jvm.dll+0x509d]
V  [jvm.dll+0x3d2b23]
V  [jvm.dll+0x3d3538]
V  [jvm.dll+0xfcaaf]
V  [jvm.dll+0x209a1b]
V  [jvm.dll+0x2383d7]
V  [jvm.dll+0x162566]
C  [javaw.exe+0x2322]
C  [javaw.exe+0x16544]
C  [KERNEL32.DLL+0x17974]
C  [ntdll.dll+0x5a0b1]


---------------  P R O C E S S  ---------------

Java Threads: ( => current thread )

Other Threads:

=>0x0000022120f13800 (exited) JavaThread "Unknown thread" [_thread_in_vm, id=23052, stack(0x00000076d8900000,0x00000076d8a00000)]

VM state:not at safepoint (normal execution)

VM Mutex/Monitor currently owned by a thread: None

heap address: 0x0000000081a00000, size: 2022 MB, Compressed Oops mode: 32-bit
Narrow klass base: 0x0000000000000000, Narrow klass shift: 3
Compressed class space size: 1073741824 Address: 0x0000000100000000

Heap:
 PSYoungGen      total 38400K, used 665K [0x00000000d5e00000, 0x00000000d8880000, 0x0000000100000000)
  eden space 33280K, 2% used [0x00000000d5e00000,0x00000000d5ea6670,0x00000000d7e80000)
  from space 5120K, 0% used [0x00000000d8380000,0x00000000d8380000,0x00000000d8880000)
  to   space 5120K, 0% used [0x00000000d7e80000,0x00000000d7e80000,0x00000000d8380000)
 ParOldGen       total 87552K, used 0K [0x0000000081a00000, 0x0000000086f80000, 0x00000000d5e00000)
  object space 87552K, 0% used [0x0000000081a00000,0x0000000081a00000,0x0000000086f80000)
 Metaspace       used 753K, capacity 4480K, committed 4480K, reserved 1056768K
  class space    used 76K, capacity 384K, committed 384K, reserved 1048576K

Card table byte_map: [0x0000022131d70000,0x0000022132170000] byte_map_base: 0x0000022131963000

Marking Bits: (ParMarkBitMap*) 0x000000006be86ff0
 Begin Bits: [0x0000022132420000, 0x00000221343b8000)
 End Bits:   [0x00000221343b8000, 0x0000022136350000)

Polling page: 0x0000022121110000

CodeCache: size=245760Kb used=328Kb max_used=328Kb free=245431Kb
 bounds [0x00000221229b0000, 0x0000022122c20000, 0x00000221319b0000]
 total_blobs=58 nmethods=0 adapters=38
 compilation: enabled

Compilation events (0 events):
No events

GC Heap History (0 events):
No events

Deoptimization events (0 events):
No events

Classes redefined (0 events):
No events

Internal exceptions (0 events):
No events

Events (10 events):
Event: 0.033 loading class java/lang/Short
Event: 0.033 loading class java/lang/Short done
Event: 0.033 loading class java/lang/Integer
Event: 0.033 loading class java/lang/Integer done
Event: 0.033 loading class java/lang/Long
Event: 0.033 loading class java/lang/Long done
Event: 0.034 loading class java/lang/NullPointerException
Event: 0.034 loading class java/lang/NullPointerException done
Event: 0.034 loading class java/lang/ArithmeticException
Event: 0.034 loading class java/lang/ArithmeticException done


Dynamic libraries:
0x00007ff7590f0000 - 0x00007ff759137000 	C:\Program Files\Java\jre1.8.0_281\bin\javaw.exe
0x00007ffabdad0000 - 0x00007ffabdcbd000 	C:\WINDOWS\SYSTEM32\ntdll.dll
0x00007ffabb020000 - 0x00007ffabb0d3000 	C:\WINDOWS\System32\KERNEL32.DLL
0x00007ffab9e40000 - 0x00007ffaba0d5000 	C:\WINDOWS\System32\KERNELBASE.dll
0x00007ffabcd40000 - 0x00007ffabcde3000 	C:\WINDOWS\System32\ADVAPI32.dll
0x00007ffabcf40000 - 0x00007ffabcfde000 	C:\WINDOWS\System32\msvcrt.dll
0x00007ffabda00000 - 0x00007ffabda9f000 	C:\WINDOWS\System32\sechost.dll
0x00007ffabd780000 - 0x00007ffabd8a0000 	C:\WINDOWS\System32\RPCRT4.dll
0x00007ffabad10000 - 0x00007ffabaea7000 	C:\WINDOWS\System32\USER32.dll
0x00007ffaba300000 - 0x00007ffaba320000 	C:\WINDOWS\System32\win32u.dll
0x00007ffabcf10000 - 0x00007ffabcf39000 	C:\WINDOWS\System32\GDI32.dll
0x00007ffab9ba0000 - 0x00007ffab9d3c000 	C:\WINDOWS\System32\gdi32full.dll
0x00007ffaba0e0000 - 0x00007ffaba180000 	C:\WINDOWS\System32\msvcp_win.dll
0x00007ffaba200000 - 0x00007ffaba2fa000 	C:\WINDOWS\System32\ucrtbase.dll
0x00007ffaac3f0000 - 0x00007ffaac669000 	C:\WINDOWS\WinSxS\amd64_microsoft.windows.common-controls_6595b64144ccf1df_6.0.17763.1697_none_de7644c45346d6cf\COMCTL32.dll
0x00007ffabb180000 - 0x00007ffabb4ae000 	C:\WINDOWS\System32\combase.dll
0x00007ffaba180000 - 0x00007ffaba1ff000 	C:\WINDOWS\System32\bcryptPrimitives.dll
0x00007ffabd6f0000 - 0x00007ffabd71e000 	C:\WINDOWS\System32\IMM32.DLL
0x00007ffaaebd0000 - 0x00007ffaaebe5000 	C:\Program Files\Java\jre1.8.0_281\bin\vcruntime140.dll
0x00007ffaaea50000 - 0x00007ffaaeaeb000 	C:\Program Files\Java\jre1.8.0_281\bin\msvcp140.dll
0x000000006b6a0000 - 0x000000006beff000 	C:\Program Files\Java\jre1.8.0_281\bin\server\jvm.dll
0x00007ffabcf00000 - 0x00007ffabcf08000 	C:\WINDOWS\System32\PSAPI.DLL
0x00007ffab6970000 - 0x00007ffab6979000 	C:\WINDOWS\SYSTEM32\WSOCK32.dll
0x00007ffab7df0000 - 0x00007ffab7e14000 	C:\WINDOWS\SYSTEM32\WINMM.dll
0x00007ffabcc70000 - 0x00007ffabccdd000 	C:\WINDOWS\System32\WS2_32.dll
0x00007ffaaa270000 - 0x00007ffaaa27a000 	C:\WINDOWS\SYSTEM32\VERSION.dll
0x00007ffab6880000 - 0x00007ffab68ad000 	C:\WINDOWS\SYSTEM32\WINMMBASE.dll
0x00007ffab9d40000 - 0x00007ffab9d8a000 	C:\WINDOWS\System32\cfgmgr32.dll
0x00007ffab9b30000 - 0x00007ffab9b41000 	C:\WINDOWS\System32\kernel.appcore.dll
0x00007ffab6960000 - 0x00007ffab6970000 	C:\Program Files\Java\jre1.8.0_281\bin\verify.dll
0x00007ffab6350000 - 0x00007ffab637b000 	C:\Program Files\Java\jre1.8.0_281\bin\java.dll
0x00007ffab5490000 - 0x00007ffab54a8000 	C:\Program Files\Java\jre1.8.0_281\bin\zip.dll
0x00007ffaa7a20000 - 0x00007ffaa7c0d000 	C:\WINDOWS\SYSTEM32\dbghelp.dll

VM Arguments:
jvm_args: -Dfile.encoding=UTF-8 
java_command: 정리문제.계산기프로젝트
java_class_path (initial): C:\swo\java_project\java09\bin
Launcher Type: SUN_STANDARD

Environment Variables:
JAVA_HOME=C:\Program Files\Java\jdk-15.0.2
PATH=C:/Program Files/Java/jre1.8.0_281/bin/server;C:/Program Files/Java/jre1.8.0_281/bin;C:/Program Files/Java/jre1.8.0_281/lib/amd64;C:\Program Files (x86)\Common Files\Oracle\Java\javapath;C:\Program Files\Common Files\Oracle\Java\javapath;C:\WINDOWS\system32;C:\WINDOWS;C:\WINDOWS\System32\Wbem;C:\WINDOWS\System32\WindowsPowerShell\v1.0\;C:\WINDOWS\System32\OpenSSH\;C:\Program Files (x86)\AOMEI Backupper;C:\Program Files\Java\jdk-15.0.2\bin\;C:\Users\com\AppData\Local\Programs\Python\Python37\Scripts\;C:\Users\com\AppData\Local\Programs\Python\Python37\;C:\Users\com\AppData\Local\Microsoft\WindowsApps;;C:\swo\python_project\PyCharm Community Edition 2020.3.3\bin;;C:\Users\com\Downloads\eclipse;
USERNAME=com
OS=Windows_NT
PROCESSOR_IDENTIFIER=Intel64 Family 6 Model 60 Stepping 3, GenuineIntel



---------------  S Y S T E M  ---------------

OS: Windows 10.0 , 64 bit Build 17763 (10.0.17763.475)

CPU:total 4 (initial active 4) (4 cores per cpu, 1 threads per core) family 6 model 60 stepping 3, cmov, cx8, fxsr, mmx, sse, sse2, sse3, ssse3, sse4.1, sse4.2, popcnt, avx, avx2, aes, clmul, erms, lzcnt, tsc, tscinvbit, bmi1, bmi2

Memory: 4k page, physical 8278424k(2991608k free), swap 23837204k(5416k free)

vm_info: Java HotSpot(TM) 64-Bit Server VM (25.281-b09) for windows-amd64 JRE (1.8.0_281-b09), built on Dec  9 2020 13:54:07 by "" with MS VC++ 15.9 (VS2017)

time: Mon Feb 15 16:12:09 2021
timezone: ´eCN¹I±¹ C￥AØ½A
elapsed time: 0.074588 seconds (0d 0h 0m 0s)

